<?xml version="1.0" encoding="UTF-8"?>
<testng-results skipped="0" failed="1" ignored="0" total="1" passed="0">
  <reporter-output>
  </reporter-output>
  <suite name="Default suite" duration-ms="11803" started-at="2021-04-16T07:57:21 IST" finished-at="2021-04-16T07:57:32 IST">
    <groups>
      <group name="cucumber">
        <method signature="AbstractTestNGCucumberTests.runScenario(io.cucumber.testng.PickleWrapper, io.cucumber.testng.FeatureWrapper)[pri:0, instance:zoho.runner.MyRunner@4232c52b]" name="runScenario" class="io.cucumber.testng.AbstractTestNGCucumberTests"/>
      </group> <!-- cucumber -->
    </groups>
    <test name="Default test" duration-ms="11803" started-at="2021-04-16T07:57:21 IST" finished-at="2021-04-16T07:57:32 IST">
      <class name="zoho.runner.MyRunner">
        <test-method status="PASS" signature="setUpClass()[pri:0, instance:zoho.runner.MyRunner@4232c52b]" name="setUpClass" is-config="true" duration-ms="751" started-at="2021-04-16T07:57:21 IST" finished-at="2021-04-16T07:57:21 IST">
          <reporter-output>
          </reporter-output>
        </test-method> <!-- setUpClass -->
        <test-method status="FAIL" signature="runScenario(io.cucumber.testng.PickleWrapper, io.cucumber.testng.FeatureWrapper)[pri:0, instance:zoho.runner.MyRunner@4232c52b]" name="runScenario" duration-ms="10826" started-at="2021-04-16T07:57:21 IST" description="Runs Cucumber Scenarios" data-provider="scenarios" finished-at="2021-04-16T07:57:32 IST">
          <params>
            <param index="0">
              <value>
                <![CDATA["Creation of a Lead"]]>
              </value>
            </param>
            <param index="1">
              <value>
                <![CDATA["Optional[Managing Leads]"]]>
              </value>
            </param>
          </params>
          <exception class="java.lang.AssertionError">
            <message>
              <![CDATA[Titles did not match]]>
            </message>
            <full-stacktrace>
              <![CDATA[java.lang.AssertionError: Titles did not match
at org.testng.Assert.fail(Assert.java:97)
at zoho.managers.WebDriverManager.logFailure(WebDriverManager.java:134)
at zoho.pages.HomePage.load(HomePage.java:19)
at zoho.teststeps.Session.zohoLogin(Session.java:22)
at âœ½.I am logged in zoho.com(file:///D:/Whizdom-Trainings/Online%20Training%20Workspace/March2021/ZOHOCucumberPOM/src/test/resources/zoho/leads.feature:24)
]]>
            </full-stacktrace>
          </exception> <!-- java.lang.AssertionError -->
          <reporter-output>
          </reporter-output>
        </test-method> <!-- runScenario -->
        <test-method status="PASS" signature="tearDownClass()[pri:0, instance:zoho.runner.MyRunner@4232c52b]" name="tearDownClass" is-config="true" duration-ms="165" started-at="2021-04-16T07:57:32 IST" finished-at="2021-04-16T07:57:32 IST">
          <reporter-output>
          </reporter-output>
        </test-method> <!-- tearDownClass -->
      </class> <!-- zoho.runner.MyRunner -->
    </test> <!-- Default test -->
  </suite> <!-- Default suite -->
</testng-results>
